#
# There is insufficient memory for the Java Runtime Environment to continue.
# Native memory allocation (malloc) failed to allocate 986256 bytes for Chunk::new
# Possible reasons:
#   The system is out of physical RAM or swap space
#   The process is running with CompressedOops enabled, and the Java Heap may be blocking the growth of the native heap
# Possible solutions:
#   Reduce memory load on the system
#   Increase physical memory or swap space
#   Check if swap backing store is full
#   Decrease Java heap size (-Xmx/-Xms)
#   Decrease number of Java threads
#   Decrease Java thread stack sizes (-Xss)
#   Set larger code cache with -XX:ReservedCodeCacheSize=
#   JVM is running with Unscaled Compressed Oops mode in which the Java heap is
#     placed in the first 4GB address space. The Java Heap base address is the
#     maximum limit for the native heap growth. Please use -XX:HeapBaseMinAddress
#     to set the Java Heap base and to place the Java Heap above 4GB virtual address.
# This output file may be truncated or incomplete.
#
#  Out of Memory Error (./src/hotspot/share/memory/arena.cpp:197), pid=10864, tid=14648
#
# JRE version: OpenJDK Runtime Environment (11.0.13) (build 11.0.13+0-b1751.21-8125866)
# Java VM: OpenJDK 64-Bit Server VM (11.0.13+0-b1751.21-8125866, mixed mode, tiered, compressed oops, g1 gc, windows-amd64)
# No core dump will be written. Minidumps are not enabled by default on client versions of Windows
#

---------------  S U M M A R Y ------------

Command Line: --add-opens=java.base/java.util=ALL-UNNAMED --add-opens=java.base/java.lang=ALL-UNNAMED --add-opens=java.base/java.lang.invoke=ALL-UNNAMED --add-opens=java.base/java.util=ALL-UNNAMED --add-opens=java.prefs/java.util.prefs=ALL-UNNAMED --add-opens=java.prefs/java.util.prefs=ALL-UNNAMED --add-opens=java.base/java.nio.charset=ALL-UNNAMED --add-opens=java.base/java.net=ALL-UNNAMED --add-opens=java.base/java.util.concurrent.atomic=ALL-UNNAMED -Xmx2048m -Dfile.encoding=UTF-8 -Duser.country=FR -Duser.language=fr -Duser.variant org.gradle.launcher.daemon.bootstrap.GradleDaemon 7.4

Host: AMD PRO A10-8730B R5, 10 COMPUTE CORES 4C+6G   , 4 cores, 11G,  Windows 10 , 64 bit Build 19041 (10.0.19041.2251)
Time: Sat Jan  7 03:38:21 2023 Maroc (heure d’été) elapsed time: 119.580955 seconds (0d 0h 1m 59s)

---------------  T H R E A D  ---------------

Current thread (0x00000207f3f6e800):  JavaThread "C2 CompilerThread0" daemon [_thread_in_native, id=14648, stack(0x00000096a1600000,0x00000096a1700000)]


Current CompileTask:
C2: 119581 12560 % !   4       java.io.BufferedReader::readLine @ 131 (304 bytes)

Stack: [0x00000096a1600000,0x00000096a1700000]
Native frames: (J=compiled Java code, j=interpreted, Vv=VM code, C=native code)
V  [jvm.dll+0x6100fa]
V  [jvm.dll+0x747090]
V  [jvm.dll+0x7486ad]
V  [jvm.dll+0x748d83]
V  [jvm.dll+0x24ab48]
V  [jvm.dll+0xc04dc]
V  [jvm.dll+0xc0a0c]
V  [jvm.dll+0x35eb5b]
V  [jvm.dll+0x32b833]
V  [jvm.dll+0x32ad2a]
V  [jvm.dll+0x2032b2]
V  [jvm.dll+0x202437]
V  [jvm.dll+0x188e01]
V  [jvm.dll+0x21106b]
V  [jvm.dll+0x20f8c1]
V  [jvm.dll+0x70de0f]
V  [jvm.dll+0x706a75]
V  [jvm.dll+0x60ed66]
C  [ucrtbase.dll+0x21bb2]
C  [KERNEL32.DLL+0x174b4]
C  [ntdll.dll+0x526a1]


---------------  P R O C E S S  ---------------

Threads class SMR info:
_java_thread_list=0x00000207fa449370, length=89, elements={
0x00000207da34e800, 0x00000207f3f7e000, 0x00000207f3f88000, 0x00000207f3f9d800,
0x00000207f4912800, 0x00000207f4915000, 0x00000207f3f6e800, 0x00000207f3f6d800,
0x00000207f4921800, 0x00000207f4a89000, 0x00000207f61e4000, 0x00000207f7c6f800,
0x00000207f6276800, 0x00000207f68bf800, 0x00000207f631f800, 0x00000207f5c72800,
0x00000207f7b70800, 0x00000207f5a1c000, 0x00000207f62c0000, 0x00000207f57f4000,
0x00000207f57f2800, 0x00000207f57f4800, 0x00000207f57f9000, 0x00000207f57f7000,
0x00000207f57f6800, 0x00000207f57f5800, 0x00000207f57f8000, 0x00000207f57f3000,
0x00000207f6acc000, 0x00000207f6ac9800, 0x00000207f6acd800, 0x00000207f6ad0000,
0x00000207f6ad1000, 0x00000207f6acb000, 0x00000207f6ad3800, 0x00000207f6ad1800,
0x00000207f6ad2800, 0x00000207f6ad4000, 0x00000207f6ad5000, 0x00000207f6ad6000,
0x00000207f6ad6800, 0x00000207f6ad8000, 0x00000207f6ad7800, 0x00000207f60fe000,
0x00000207f60fc000, 0x00000207f60fd000, 0x00000207f60fb800, 0x00000207f60f8000,
0x00000207f60fe800, 0x00000207f60f9000, 0x00000207f60ff800, 0x00000207f60fa800,
0x00000207f60f9800, 0x00000207f6101000, 0x00000207f6104800, 0x00000207f6102000,
0x00000207f6103800, 0x00000207f6105000, 0x00000207f6106000, 0x00000207f6100000,
0x00000207f6107000, 0x00000207f6102800, 0x00000207f5f4e800, 0x00000207f5f52800,
0x00000207f5f50000, 0x00000207f5f51000, 0x00000207f5f54000, 0x00000207f5f55000,
0x00000207f5f53800, 0x00000207f5f4f800, 0x00000207f5f56800, 0x00000207f5f56000,
0x00000207f5f57800, 0x00000207f5f51800, 0x00000207f5f5a000, 0x00000207f5f5a800,
0x00000207f5f5b800, 0x00000207f5f5c800, 0x00000207f5f59000, 0x00000207f5f58000,
0x00000207f5f5d000, 0x00000207fcdfb800, 0x00000207fcdfe000, 0x00000207fcdfa000,
0x00000207fcdfc000, 0x00000207fcdfe800, 0x00000207fcdff800, 0x00000207fcdfd000,
0x00000207fcdfa800
}

Java Threads: ( => current thread )
  0x00000207da34e800 JavaThread "main" [_thread_blocked, id=2600, stack(0x00000096a0a00000,0x00000096a0b00000)]
  0x00000207f3f7e000 JavaThread "Reference Handler" daemon [_thread_blocked, id=11292, stack(0x00000096a1100000,0x00000096a1200000)]
  0x00000207f3f88000 JavaThread "Finalizer" daemon [_thread_blocked, id=11624, stack(0x00000096a1200000,0x00000096a1300000)]
  0x00000207f3f9d800 JavaThread "Signal Dispatcher" daemon [_thread_blocked, id=16280, stack(0x00000096a1300000,0x00000096a1400000)]
  0x00000207f4912800 JavaThread "Attach Listener" daemon [_thread_blocked, id=16084, stack(0x00000096a1400000,0x00000096a1500000)]
  0x00000207f4915000 JavaThread "Service Thread" daemon [_thread_blocked, id=10324, stack(0x00000096a1500000,0x00000096a1600000)]
=>0x00000207f3f6e800 JavaThread "C2 CompilerThread0" daemon [_thread_in_native, id=14648, stack(0x00000096a1600000,0x00000096a1700000)]
  0x00000207f3f6d800 JavaThread "C1 CompilerThread0" daemon [_thread_blocked, id=4832, stack(0x00000096a1700000,0x00000096a1800000)]
  0x00000207f4921800 JavaThread "Sweeper thread" daemon [_thread_blocked, id=7156, stack(0x00000096a1800000,0x00000096a1900000)]
  0x00000207f4a89000 JavaThread "Common-Cleaner" daemon [_thread_blocked, id=10028, stack(0x00000096a1900000,0x00000096a1a00000)]
  0x00000207f61e4000 JavaThread "Daemon health stats" [_thread_blocked, id=9784, stack(0x00000096a1f00000,0x00000096a2000000)]
  0x00000207f7c6f800 JavaThread "Incoming local TCP Connector on port 50476" [_thread_in_native, id=15844, stack(0x00000096a1b00000,0x00000096a1c00000)]
  0x00000207f6276800 JavaThread "Daemon periodic checks" [_thread_blocked, id=5092, stack(0x00000096a2000000,0x00000096a2100000)]
  0x00000207f68bf800 JavaThread "Daemon" [_thread_blocked, id=1892, stack(0x00000096a2100000,0x00000096a2200000)]
  0x00000207f631f800 JavaThread "Handler for socket connection from /127.0.0.1:50476 to /127.0.0.1:50477" [_thread_in_native, id=12488, stack(0x00000096a2200000,0x00000096a2300000)]
  0x00000207f5c72800 JavaThread "Cancel handler" [_thread_blocked, id=14816, stack(0x00000096a2300000,0x00000096a2400000)]
  0x00000207f7b70800 JavaThread "Daemon worker" [_thread_blocked, id=11700, stack(0x00000096a2400000,0x00000096a2500000)]
  0x00000207f5a1c000 JavaThread "Asynchronous log dispatcher for DefaultDaemonConnection: socket connection from /127.0.0.1:50476 to /127.0.0.1:50477" [_thread_blocked, id=15176, stack(0x00000096a2500000,0x00000096a2600000)]
  0x00000207f62c0000 JavaThread "Daemon client event forwarder" [_thread_blocked, id=14756, stack(0x00000096a2700000,0x00000096a2800000)]
  0x00000207f57f4000 JavaThread "Cache worker for journal cache (C:\Users\hp\.gradle\caches\journal-1)" [_thread_blocked, id=17732, stack(0x00000096a2800000,0x00000096a2900000)]
  0x00000207f57f2800 JavaThread "File lock request listener" [_thread_in_native, id=14280, stack(0x00000096a2900000,0x00000096a2a00000)]
  0x00000207f57f4800 JavaThread "Cache worker for file hash cache (C:\Users\hp\.gradle\caches\7.4\fileHashes)" [_thread_blocked, id=5884, stack(0x00000096a2a00000,0x00000096a2b00000)]
  0x00000207f57f9000 JavaThread "File watcher server" daemon [_thread_in_native, id=15684, stack(0x00000096a2b00000,0x00000096a2c00000)]
  0x00000207f57f7000 JavaThread "File watcher consumer" daemon [_thread_blocked, id=12604, stack(0x00000096a2c00000,0x00000096a2d00000)]
  0x00000207f57f6800 JavaThread "Cache worker for checksums cache (D:\app_Mobile\gestionVille_Zone\.gradle\7.4\checksums)" [_thread_blocked, id=15328, stack(0x00000096a2d00000,0x00000096a2e00000)]
  0x00000207f57f5800 JavaThread "Cache worker for cache directory md-rule (C:\Users\hp\.gradle\caches\7.4\md-rule)" [_thread_blocked, id=12244, stack(0x00000096a0800000,0x00000096a0900000)]
  0x00000207f57f8000 JavaThread "Cache worker for file hash cache (D:\app_Mobile\gestionVille_Zone\.gradle\7.4\fileHashes)" [_thread_blocked, id=15948, stack(0x00000096a2e00000,0x00000096a2f00000)]
  0x00000207f57f3000 JavaThread "Cache worker for cache directory md-supplier (C:\Users\hp\.gradle\caches\7.4\md-supplier)" [_thread_blocked, id=19368, stack(0x00000096a2f00000,0x00000096a3000000)]
  0x00000207f6acc000 JavaThread "Cache worker for execution history cache (C:\Users\hp\.gradle\caches\7.4\executionHistory)" [_thread_blocked, id=12808, stack(0x00000096a3100000,0x00000096a3200000)]
  0x00000207f6ac9800 JavaThread "jar transforms" [_thread_blocked, id=16728, stack(0x00000096a3300000,0x00000096a3400000)]
  0x00000207f6acd800 JavaThread "Cache worker for file content cache (C:\Users\hp\.gradle\caches\7.4\fileContent)" [_thread_blocked, id=12176, stack(0x00000096a3400000,0x00000096a3500000)]
  0x00000207f6ad0000 JavaThread "jar transforms Thread 2" [_thread_blocked, id=12804, stack(0x00000096a3500000,0x00000096a3600000)]
  0x00000207f6ad1000 JavaThread "Cache worker for dependencies-accessors (D:\app_Mobile\gestionVille_Zone\.gradle\7.4\dependencies-accessors)" [_thread_blocked, id=18944, stack(0x00000096a3600000,0x00000096a3700000)]
  0x00000207f6acb000 JavaThread "jar transforms Thread 3" [_thread_blocked, id=3356, stack(0x00000096a3700000,0x00000096a3800000)]
  0x00000207f6ad3800 JavaThread "Cache worker for Build Output Cleanup Cache (D:\app_Mobile\gestionVille_Zone\.gradle\buildOutputCleanup)" [_thread_blocked, id=18228, stack(0x00000096a3800000,0x00000096a3900000)]
  0x00000207f6ad1800 JavaThread "Unconstrained build operations" [_thread_blocked, id=12648, stack(0x00000096a0700000,0x00000096a0800000)]
  0x00000207f6ad2800 JavaThread "Unconstrained build operations Thread 2" [_thread_blocked, id=4772, stack(0x00000096a0900000,0x00000096a0a00000)]
  0x00000207f6ad4000 JavaThread "Unconstrained build operations Thread 3" [_thread_blocked, id=3388, stack(0x00000096a3900000,0x00000096a3a00000)]
  0x00000207f6ad5000 JavaThread "Unconstrained build operations Thread 4" [_thread_blocked, id=17812, stack(0x00000096a3a00000,0x00000096a3b00000)]
  0x00000207f6ad6000 JavaThread "Unconstrained build operations Thread 5" [_thread_blocked, id=17760, stack(0x00000096a3b00000,0x00000096a3c00000)]
  0x00000207f6ad6800 JavaThread "Unconstrained build operations Thread 6" [_thread_blocked, id=16764, stack(0x00000096a3c00000,0x00000096a3d00000)]
  0x00000207f6ad8000 JavaThread "Unconstrained build operations Thread 7" [_thread_blocked, id=19348, stack(0x00000096a3d00000,0x00000096a3e00000)]
  0x00000207f6ad7800 JavaThread "Unconstrained build operations Thread 8" [_thread_blocked, id=17648, stack(0x00000096a3e00000,0x00000096a3f00000)]
  0x00000207f60fe000 JavaThread "Unconstrained build operations Thread 9" [_thread_blocked, id=3004, stack(0x00000096a3f00000,0x00000096a4000000)]
  0x00000207f60fc000 JavaThread "Unconstrained build operations Thread 10" [_thread_in_Java, id=2264, stack(0x00000096a4000000,0x00000096a4100000)]
  0x00000207f60fd000 JavaThread "Unconstrained build operations Thread 11" [_thread_blocked, id=15556, stack(0x00000096a4100000,0x00000096a4200000)]
  0x00000207f60fb800 JavaThread "Unconstrained build operations Thread 12" [_thread_blocked, id=1260, stack(0x00000096a4200000,0x00000096a4300000)]
  0x00000207f60f8000 JavaThread "Unconstrained build operations Thread 13" [_thread_blocked, id=14812, stack(0x00000096a4300000,0x00000096a4400000)]
  0x00000207f60fe800 JavaThread "Unconstrained build operations Thread 14" [_thread_blocked, id=9520, stack(0x00000096a4400000,0x00000096a4500000)]
  0x00000207f60f9000 JavaThread "Unconstrained build operations Thread 15" [_thread_blocked, id=1084, stack(0x00000096a4500000,0x00000096a4600000)]
  0x00000207f60ff800 JavaThread "Unconstrained build operations Thread 16" [_thread_blocked, id=14988, stack(0x00000096a4600000,0x00000096a4700000)]
  0x00000207f60fa800 JavaThread "Unconstrained build operations Thread 17" [_thread_blocked, id=8264, stack(0x00000096a4700000,0x00000096a4800000)]
  0x00000207f60f9800 JavaThread "Unconstrained build operations Thread 18" [_thread_blocked, id=16240, stack(0x00000096a4800000,0x00000096a4900000)]
  0x00000207f6101000 JavaThread "Unconstrained build operations Thread 19" [_thread_in_native, id=14532, stack(0x00000096a4900000,0x00000096a4a00000)]
  0x00000207f6104800 JavaThread "Unconstrained build operations Thread 20" [_thread_blocked, id=15912, stack(0x00000096a4a00000,0x00000096a4b00000)]
  0x00000207f6102000 JavaThread "Unconstrained build operations Thread 21" [_thread_blocked, id=16732, stack(0x00000096a4b00000,0x00000096a4c00000)]
  0x00000207f6103800 JavaThread "Unconstrained build operations Thread 22" [_thread_blocked, id=14500, stack(0x00000096a4c00000,0x00000096a4d00000)]
  0x00000207f6105000 JavaThread "Unconstrained build operations Thread 23" [_thread_blocked, id=18060, stack(0x00000096a4d00000,0x00000096a4e00000)]
  0x00000207f6106000 JavaThread "Unconstrained build operations Thread 24" [_thread_blocked, id=10588, stack(0x00000096a4e00000,0x00000096a4f00000)]
  0x00000207f6100000 JavaThread "Unconstrained build operations Thread 25" [_thread_blocked, id=10472, stack(0x00000096a4f00000,0x00000096a5000000)]
  0x00000207f6107000 JavaThread "Unconstrained build operations Thread 26" [_thread_blocked, id=18824, stack(0x00000096a5000000,0x00000096a5100000)]
  0x00000207f6102800 JavaThread "Unconstrained build operations Thread 27" [_thread_blocked, id=17044, stack(0x00000096a5100000,0x00000096a5200000)]
  0x00000207f5f4e800 JavaThread "Unconstrained build operations Thread 28" [_thread_blocked, id=2752, stack(0x00000096a5200000,0x00000096a5300000)]
  0x00000207f5f52800 JavaThread "Unconstrained build operations Thread 29" [_thread_blocked, id=1336, stack(0x00000096a5300000,0x00000096a5400000)]
  0x00000207f5f50000 JavaThread "Unconstrained build operations Thread 30" [_thread_blocked, id=15652, stack(0x00000096a5400000,0x00000096a5500000)]
  0x00000207f5f51000 JavaThread "Unconstrained build operations Thread 31" [_thread_blocked, id=17984, stack(0x00000096a5500000,0x00000096a5600000)]
  0x00000207f5f54000 JavaThread "Unconstrained build operations Thread 32" [_thread_blocked, id=18032, stack(0x00000096a5600000,0x00000096a5700000)]
  0x00000207f5f55000 JavaThread "Unconstrained build operations Thread 33" [_thread_blocked, id=15292, stack(0x00000096a5700000,0x00000096a5800000)]
  0x00000207f5f53800 JavaThread "Unconstrained build operations Thread 34" [_thread_blocked, id=6876, stack(0x00000096a5800000,0x00000096a5900000)]
  0x00000207f5f4f800 JavaThread "Unconstrained build operations Thread 35" [_thread_blocked, id=15400, stack(0x00000096a5900000,0x00000096a5a00000)]
  0x00000207f5f56800 JavaThread "Unconstrained build operations Thread 36" [_thread_blocked, id=12352, stack(0x00000096a5a00000,0x00000096a5b00000)]
  0x00000207f5f56000 JavaThread "Unconstrained build operations Thread 37" [_thread_blocked, id=5408, stack(0x00000096a5b00000,0x00000096a5c00000)]
  0x00000207f5f57800 JavaThread "Unconstrained build operations Thread 38" [_thread_blocked, id=5132, stack(0x00000096a5c00000,0x00000096a5d00000)]
  0x00000207f5f51800 JavaThread "Unconstrained build operations Thread 39" [_thread_in_native, id=5772, stack(0x00000096a5d00000,0x00000096a5e00000)]
  0x00000207f5f5a000 JavaThread "Unconstrained build operations Thread 40" [_thread_blocked, id=18212, stack(0x00000096a5e00000,0x00000096a5f00000)]
  0x00000207f5f5a800 JavaThread "jar transforms Thread 4" [_thread_blocked, id=8228, stack(0x00000096a5f00000,0x00000096a6000000)]
  0x00000207f5f5b800 JavaThread "Memory manager" [_thread_blocked, id=15836, stack(0x00000096a2600000,0x00000096a2700000)]
  0x00000207f5f5c800 JavaThread "build event listener" [_thread_blocked, id=2528, stack(0x00000096a6000000,0x00000096a6100000)]
  0x00000207f5f59000 JavaThread "pool-3-thread-1" [_thread_blocked, id=12528, stack(0x00000096a6100000,0x00000096a6200000)]
  0x00000207f5f58000 JavaThread "build event listener" [_thread_blocked, id=12460, stack(0x00000096a6200000,0x00000096a6300000)]
  0x00000207f5f5d000 JavaThread "included builds" [_thread_in_native, id=5040, stack(0x00000096a6300000,0x00000096a6400000)]
  0x00000207fcdfb800 JavaThread "Execution worker for ':'" [_thread_blocked, id=19260, stack(0x00000096a6400000,0x00000096a6500000)]
  0x00000207fcdfe000 JavaThread "Execution worker for ':' Thread 2" [_thread_blocked, id=15600, stack(0x00000096a6500000,0x00000096a6600000)]
  0x00000207fcdfa000 JavaThread "Execution worker for ':' Thread 3" [_thread_blocked, id=16504, stack(0x00000096a6600000,0x00000096a6700000)]
  0x00000207fcdfc000 JavaThread "Cache worker for execution history cache (D:\app_Mobile\gestionVille_Zone\.gradle\7.4\executionHistory)" [_thread_blocked, id=3408, stack(0x00000096a6700000,0x00000096a6800000)]
  0x00000207fcdfe800 JavaThread "WorkerExecutor Queue" [_thread_blocked, id=15236, stack(0x00000096a6800000,0x00000096a6900000)]
  0x00000207fcdff800 JavaThread "WorkerExecutor Queue Thread 2" [_thread_blocked, id=15168, stack(0x00000096a6900000,0x00000096a6a00000)]
  0x00000207fcdfd000 JavaThread "WorkerExecutor Queue Thread 3" [_thread_blocked, id=1396, stack(0x00000096a6b00000,0x00000096a6c00000)]
  0x00000207fcdfa800 JavaThread "WorkerExecutor Queue Thread 4" [_thread_blocked, id=10448, stack(0x00000096a6c00000,0x00000096a6d00000)]

Other Threads:
  0x00000207f3f78800 VMThread "VM Thread" [stack: 0x00000096a1000000,0x00000096a1100000] [id=3048]
  0x00000207f4abc000 WatcherThread [stack: 0x00000096a1a00000,0x00000096a1b00000] [id=15644]
  0x00000207da369000 GCTaskThread "GC Thread#0" [stack: 0x00000096a0b00000,0x00000096a0c00000] [id=916]
  0x00000207f530b000 GCTaskThread "GC Thread#1" [stack: 0x00000096a1c00000,0x00000096a1d00000] [id=16960]
  0x00000207f5149000 GCTaskThread "GC Thread#2" [stack: 0x00000096a1d00000,0x00000096a1e00000] [id=2840]
  0x00000207f51ea800 GCTaskThread "GC Thread#3" [stack: 0x00000096a1e00000,0x00000096a1f00000] [id=14884]
  0x00000207da399800 ConcurrentGCThread "G1 Main Marker" [stack: 0x00000096a0c00000,0x00000096a0d00000] [id=10052]
  0x00000207da39b000 ConcurrentGCThread "G1 Conc#0" [stack: 0x00000096a0d00000,0x00000096a0e00000] [id=19196]
  0x00000207f3dc0800 ConcurrentGCThread "G1 Refine#0" [stack: 0x00000096a0e00000,0x00000096a0f00000] [id=8308]
  0x00000207f3dc1800 ConcurrentGCThread "G1 Young RemSet Sampling" [stack: 0x00000096a0f00000,0x00000096a1000000] [id=13064]

Threads with active compile tasks:
C2 CompilerThread0 119671 12560 % !   4       java.io.BufferedReader::readLine @ 131 (304 bytes)

VM state:not at safepoint (normal execution)

VM Mutex/Monitor currently owned by a thread: None

Heap address: 0x0000000080000000, size: 2048 MB, Compressed Oops mode: 32-bit
Narrow klass base: 0x0000000000000000, Narrow klass shift: 3
Compressed class space size: 1073741824 Address: 0x0000000100000000

Heap:
 garbage-first heap   total 188416K, used 130283K [0x0000000080000000, 0x0000000100000000)
  region size 1024K, 43 young (44032K), 4 survivors (4096K)
 Metaspace       used 98719K, capacity 100866K, committed 101200K, reserved 1136640K
  class space    used 12420K, capacity 13222K, committed 13312K, reserved 1048576K
Heap Regions: E=young(eden), S=young(survivor), O=old, HS=humongous(starts), HC=humongous(continues), CS=collection set, F=free, A=archive, TAMS=top-at-mark-start (previous, next)
|   0|0x0000000080000000, 0x0000000080100000, 0x0000000080100000|100%|HS|  |TAMS 0x0000000080100000, 0x0000000080000000| Complete 
|   1|0x0000000080100000, 0x0000000080200000, 0x0000000080200000|100%|HC|  |TAMS 0x0000000080200000, 0x0000000080100000| Complete 
|   2|0x0000000080200000, 0x0000000080300000, 0x0000000080300000|100%|HC|  |TAMS 0x0000000080300000, 0x0000000080200000| Complete 
|   3|0x0000000080300000, 0x0000000080400000, 0x0000000080400000|100%| O|  |TAMS 0x0000000080400000, 0x0000000080300000| Untracked 
|   4|0x0000000080400000, 0x0000000080500000, 0x0000000080500000|100%| O|  |TAMS 0x0000000080500000, 0x0000000080400000| Untracked 
|   5|0x0000000080500000, 0x0000000080600000, 0x0000000080600000|100%| O|  |TAMS 0x0000000080600000, 0x0000000080500000| Untracked 
|   6|0x0000000080600000, 0x0000000080700000, 0x0000000080700000|100%| O|  |TAMS 0x0000000080700000, 0x0000000080600000| Untracked 
|   7|0x0000000080700000, 0x0000000080800000, 0x0000000080800000|100%| O|  |TAMS 0x0000000080800000, 0x0000000080700000| Untracked 
|   8|0x0000000080800000, 0x0000000080900000, 0x0000000080900000|100%| O|  |TAMS 0x0000000080900000, 0x0000000080800000| Untracked 
|   9|0x0000000080900000, 0x0000000080a00000, 0x0000000080a00000|100%| O|  |TAMS 0x0000000080a00000, 0x0000000080900000| Untracked 
|  10|0x0000000080a00000, 0x0000000080b00000, 0x0000000080b00000|100%| O|  |TAMS 0x0000000080b00000, 0x0000000080a00000| Untracked 
|  11|0x0000000080b00000, 0x0000000080c00000, 0x0000000080c00000|100%| O|  |TAMS 0x0000000080c00000, 0x0000000080b00000| Untracked 
|  12|0x0000000080c00000, 0x0000000080d00000, 0x0000000080d00000|100%| O|  |TAMS 0x0000000080d00000, 0x0000000080c00000| Untracked 
|  13|0x0000000080d00000, 0x0000000080e00000, 0x0000000080e00000|100%| O|  |TAMS 0x0000000080e00000, 0x0000000080d00000| Untracked 
|  14|0x0000000080e00000, 0x0000000080f00000, 0x0000000080f00000|100%| O|  |TAMS 0x0000000080f00000, 0x0000000080e00000| Untracked 
|  15|0x0000000080f00000, 0x0000000081000000, 0x0000000081000000|100%| O|  |TAMS 0x0000000081000000, 0x0000000080f00000| Untracked 
|  16|0x0000000081000000, 0x0000000081100000, 0x0000000081100000|100%|HS|  |TAMS 0x0000000081100000, 0x0000000081000000| Complete 
|  17|0x0000000081100000, 0x0000000081200000, 0x0000000081200000|100%|HS|  |TAMS 0x0000000081200000, 0x0000000081100000| Complete 
|  18|0x0000000081200000, 0x0000000081300000, 0x0000000081300000|100%| O|  |TAMS 0x0000000081300000, 0x0000000081200000| Untracked 
|  19|0x0000000081300000, 0x0000000081400000, 0x0000000081400000|100%|HS|  |TAMS 0x0000000081400000, 0x0000000081300000| Complete 
|  20|0x0000000081400000, 0x0000000081500000, 0x0000000081500000|100%|HC|  |TAMS 0x0000000081500000, 0x0000000081400000| Complete 
|  21|0x0000000081500000, 0x0000000081600000, 0x0000000081600000|100%| O|  |TAMS 0x0000000081600000, 0x0000000081500000| Untracked 
|  22|0x0000000081600000, 0x0000000081700000, 0x0000000081700000|100%| O|  |TAMS 0x0000000081700000, 0x0000000081600000| Untracked 
|  23|0x0000000081700000, 0x0000000081800000, 0x0000000081800000|100%| O|  |TAMS 0x0000000081800000, 0x0000000081700000| Untracked 
|  24|0x0000000081800000, 0x0000000081900000, 0x0000000081900000|100%| O|  |TAMS 0x0000000081900000, 0x0000000081800000| Untracked 
|  25|0x0000000081900000, 0x0000000081a00000, 0x0000000081a00000|100%| O|  |TAMS 0x0000000081a00000, 0x0000000081900000| Untracked 
|  26|0x0000000081a00000, 0x0000000081b00000, 0x0000000081b00000|100%| O|  |TAMS 0x0000000081b00000, 0x0000000081a00000| Untracked 
|  27|0x0000000081b00000, 0x0000000081c00000, 0x0000000081c00000|100%| O|  |TAMS 0x0000000081c00000, 0x0000000081b00000| Untracked 
|  28|0x0000000081c00000, 0x0000000081d00000, 0x0000000081d00000|100%| O|  |TAMS 0x0000000081d00000, 0x0000000081c00000| Untracked 
|  29|0x0000000081d00000, 0x0000000081e00000, 0x0000000081e00000|100%| O|  |TAMS 0x0000000081e00000, 0x0000000081d00000| Untracked 
|  30|0x0000000081e00000, 0x0000000081f00000, 0x0000000081f00000|100%| O|  |TAMS 0x0000000081f00000, 0x0000000081e00000| Untracked 
|  31|0x0000000081f00000, 0x0000000082000000, 0x0000000082000000|100%| O|  |TAMS 0x0000000082000000, 0x0000000081f00000| Untracked 
|  32|0x0000000082000000, 0x0000000082100000, 0x0000000082100000|100%| O|  |TAMS 0x0000000082100000, 0x0000000082000000| Untracked 
|  33|0x0000000082100000, 0x0000000082200000, 0x0000000082200000|100%| O|  |TAMS 0x0000000082200000, 0x0000000082100000| Untracked 
|  34|0x0000000082200000, 0x0000000082300000, 0x0000000082300000|100%| O|  |TAMS 0x0000000082300000, 0x0000000082200000| Untracked 
|  35|0x0000000082300000, 0x0000000082400000, 0x0000000082400000|100%| O|  |TAMS 0x0000000082400000, 0x0000000082300000| Untracked 
|  36|0x0000000082400000, 0x0000000082500000, 0x0000000082500000|100%| O|  |TAMS 0x0000000082500000, 0x0000000082400000| Untracked 
|  37|0x0000000082500000, 0x0000000082600000, 0x0000000082600000|100%| O|  |TAMS 0x0000000082600000, 0x0000000082500000| Untracked 
|  38|0x0000000082600000, 0x0000000082700000, 0x0000000082700000|100%| O|  |TAMS 0x0000000082700000, 0x0000000082600000| Untracked 
|  39|0x0000000082700000, 0x0000000082800000, 0x0000000082800000|100%| O|  |TAMS 0x0000000082800000, 0x0000000082700000| Untracked 
|  40|0x0000000082800000, 0x0000000082900000, 0x0000000082900000|100%| O|  |TAMS 0x0000000082900000, 0x0000000082800000| Untracked 
|  41|0x0000000082900000, 0x0000000082a00000, 0x0000000082a00000|100%| O|  |TAMS 0x0000000082a00000, 0x0000000082900000| Untracked 
|  42|0x0000000082a00000, 0x0000000082b00000, 0x0000000082b00000|100%| O|  |TAMS 0x0000000082b00000, 0x0000000082a00000| Untracked 
|  43|0x0000000082b00000, 0x0000000082c00000, 0x0000000082c00000|100%| O|  |TAMS 0x0000000082c00000, 0x0000000082b00000| Untracked 
|  44|0x0000000082c00000, 0x0000000082d00000, 0x0000000082d00000|100%| O|  |TAMS 0x0000000082d00000, 0x0000000082c00000| Untracked 
|  45|0x0000000082d00000, 0x0000000082e00000, 0x0000000082e00000|100%| O|  |TAMS 0x0000000082e00000, 0x0000000082d00000| Untracked 
|  46|0x0000000082e00000, 0x0000000082f00000, 0x0000000082f00000|100%| O|  |TAMS 0x0000000082f00000, 0x0000000082e00000| Untracked 
|  47|0x0000000082f00000, 0x0000000083000000, 0x0000000083000000|100%| O|  |TAMS 0x0000000083000000, 0x0000000082f00000| Untracked 
|  48|0x0000000083000000, 0x0000000083100000, 0x0000000083100000|100%| O|  |TAMS 0x0000000083100000, 0x0000000083000000| Untracked 
|  49|0x0000000083100000, 0x0000000083200000, 0x0000000083200000|100%| O|  |TAMS 0x0000000083200000, 0x0000000083100000| Untracked 
|  50|0x0000000083200000, 0x0000000083300000, 0x0000000083300000|100%| O|  |TAMS 0x0000000083300000, 0x0000000083200000| Untracked 
|  51|0x0000000083300000, 0x0000000083400000, 0x0000000083400000|100%| O|  |TAMS 0x0000000083400000, 0x0000000083300000| Untracked 
|  52|0x0000000083400000, 0x0000000083500000, 0x0000000083500000|100%| O|  |TAMS 0x0000000083500000, 0x0000000083400000| Untracked 
|  53|0x0000000083500000, 0x0000000083600000, 0x0000000083600000|100%| O|  |TAMS 0x0000000083600000, 0x0000000083500000| Untracked 
|  54|0x0000000083600000, 0x0000000083700000, 0x0000000083700000|100%| O|  |TAMS 0x0000000083700000, 0x0000000083600000| Untracked 
|  55|0x0000000083700000, 0x0000000083800000, 0x0000000083800000|100%| O|  |TAMS 0x0000000083800000, 0x0000000083700000| Untracked 
|  56|0x0000000083800000, 0x0000000083900000, 0x0000000083900000|100%| O|  |TAMS 0x0000000083900000, 0x0000000083800000| Untracked 
|  57|0x0000000083900000, 0x0000000083a00000, 0x0000000083a00000|100%| O|  |TAMS 0x0000000083a00000, 0x0000000083900000| Untracked 
|  58|0x0000000083a00000, 0x0000000083b00000, 0x0000000083b00000|100%| O|  |TAMS 0x0000000083b00000, 0x0000000083a00000| Untracked 
|  59|0x0000000083b00000, 0x0000000083b00000, 0x0000000083c00000|  0%| F|  |TAMS 0x0000000083b00000, 0x0000000083b00000| Untracked 
|  60|0x0000000083c00000, 0x0000000083d00000, 0x0000000083d00000|100%| O|  |TAMS 0x0000000083d00000, 0x0000000083c00000| Untracked 
|  61|0x0000000083d00000, 0x0000000083e00000, 0x0000000083e00000|100%| O|  |TAMS 0x0000000083e00000, 0x0000000083d00000| Untracked 
|  62|0x0000000083e00000, 0x0000000083f00000, 0x0000000083f00000|100%| O|  |TAMS 0x0000000083f00000, 0x0000000083e00000| Untracked 
|  63|0x0000000083f00000, 0x0000000084000000, 0x0000000084000000|100%| O|  |TAMS 0x0000000084000000, 0x0000000083f00000| Untracked 
|  64|0x0000000084000000, 0x0000000084100000, 0x0000000084100000|100%| O|  |TAMS 0x0000000084100000, 0x0000000084000000| Untracked 
|  65|0x0000000084100000, 0x0000000084200000, 0x0000000084200000|100%| O|  |TAMS 0x0000000084200000, 0x0000000084100000| Untracked 
|  66|0x0000000084200000, 0x0000000084300000, 0x0000000084300000|100%| O|  |TAMS 0x0000000084300000, 0x0000000084200000| Untracked 
|  67|0x0000000084300000, 0x0000000084400000, 0x0000000084400000|100%| O|  |TAMS 0x0000000084400000, 0x0000000084300000| Untracked 
|  68|0x0000000084400000, 0x0000000084500000, 0x0000000084500000|100%| O|  |TAMS 0x0000000084500000, 0x0000000084400000| Untracked 
|  69|0x0000000084500000, 0x0000000084600000, 0x0000000084600000|100%| O|  |TAMS 0x0000000084600000, 0x0000000084500000| Untracked 
|  70|0x0000000084600000, 0x0000000084700000, 0x0000000084700000|100%| O|  |TAMS 0x0000000084700000, 0x0000000084600000| Untracked 
|  71|0x0000000084700000, 0x0000000084800000, 0x0000000084800000|100%| O|  |TAMS 0x0000000084800000, 0x0000000084700000| Untracked 
|  72|0x0000000084800000, 0x0000000084900000, 0x0000000084900000|100%| O|  |TAMS 0x0000000084900000, 0x0000000084800000| Untracked 
|  73|0x0000000084900000, 0x0000000084a00000, 0x0000000084a00000|100%| O|  |TAMS 0x0000000084a00000, 0x0000000084900000| Untracked 
|  74|0x0000000084a00000, 0x0000000084b00000, 0x0000000084b00000|100%| O|  |TAMS 0x0000000084b00000, 0x0000000084a00000| Untracked 
|  75|0x0000000084b00000, 0x0000000084b00000, 0x0000000084c00000|  0%| F|  |TAMS 0x0000000084b00000, 0x0000000084b00000| Untracked 
|  76|0x0000000084c00000, 0x0000000084d00000, 0x0000000084d00000|100%| O|  |TAMS 0x0000000084d00000, 0x0000000084c00000| Untracked 
|  77|0x0000000084d00000, 0x0000000084e00000, 0x0000000084e00000|100%| O|  |TAMS 0x0000000084e00000, 0x0000000084d00000| Untracked 
|  78|0x0000000084e00000, 0x0000000084f00000, 0x0000000084f00000|100%| O|  |TAMS 0x0000000084f00000, 0x0000000084e00000| Untracked 
|  79|0x0000000084f00000, 0x0000000085000000, 0x0000000085000000|100%| O|  |TAMS 0x0000000085000000, 0x0000000084f00000| Untracked 
|  80|0x0000000085000000, 0x0000000085100000, 0x0000000085100000|100%| O|  |TAMS 0x0000000085100000, 0x0000000085000000| Untracked 
|  81|0x0000000085100000, 0x0000000085100000, 0x0000000085200000|  0%| F|  |TAMS 0x0000000085100000, 0x0000000085100000| Untracked 
|  82|0x0000000085200000, 0x0000000085300000, 0x0000000085300000|100%| O|  |TAMS 0x0000000085300000, 0x0000000085200000| Untracked 
|  83|0x0000000085300000, 0x0000000085400000, 0x0000000085400000|100%| O|  |TAMS 0x0000000085400000, 0x0000000085300000| Untracked 
|  84|0x0000000085400000, 0x0000000085500000, 0x0000000085500000|100%| O|  |TAMS 0x0000000085500000, 0x0000000085400000| Untracked 
|  85|0x0000000085500000, 0x0000000085600000, 0x0000000085600000|100%| O|  |TAMS 0x0000000085600000, 0x0000000085500000| Untracked 
|  86|0x0000000085600000, 0x00000000856b3e00, 0x0000000085700000| 70%| O|  |TAMS 0x00000000856b3e00, 0x0000000085600000| Untracked 
|  87|0x0000000085700000, 0x0000000085700000, 0x0000000085800000|  0%| F|  |TAMS 0x0000000085700000, 0x0000000085700000| Untracked 
|  88|0x0000000085800000, 0x0000000085800000, 0x0000000085900000|  0%| F|  |TAMS 0x0000000085800000, 0x0000000085800000| Untracked 
|  89|0x0000000085900000, 0x0000000085900000, 0x0000000085a00000|  0%| F|  |TAMS 0x0000000085900000, 0x0000000085900000| Untracked 
|  90|0x0000000085a00000, 0x0000000085a00000, 0x0000000085b00000|  0%| F|  |TAMS 0x0000000085a00000, 0x0000000085a00000| Untracked 
|  91|0x0000000085b00000, 0x0000000085b00000, 0x0000000085c00000|  0%| F|  |TAMS 0x0000000085b00000, 0x0000000085b00000| Untracked 
|  92|0x0000000085c00000, 0x0000000085c00000, 0x0000000085d00000|  0%| F|  |TAMS 0x0000000085c00000, 0x0000000085c00000| Untracked 
|  93|0x0000000085d00000, 0x0000000085d00000, 0x0000000085e00000|  0%| F|  |TAMS 0x0000000085d00000, 0x0000000085d00000| Untracked 
|  94|0x0000000085e00000, 0x0000000085e00000, 0x0000000085f00000|  0%| F|  |TAMS 0x0000000085e00000, 0x0000000085e00000| Untracked 
|  95|0x0000000085f00000, 0x0000000085f00000, 0x0000000086000000|  0%| F|  |TAMS 0x0000000085f00000, 0x0000000085f00000| Untracked 
|  96|0x0000000086000000, 0x0000000086000000, 0x0000000086100000|  0%| F|  |TAMS 0x0000000086000000, 0x0000000086000000| Untracked 
|  97|0x0000000086100000, 0x0000000086100000, 0x0000000086200000|  0%| F|  |TAMS 0x0000000086100000, 0x0000000086100000| Untracked 
|  98|0x0000000086200000, 0x0000000086200000, 0x0000000086300000|  0%| F|  |TAMS 0x0000000086200000, 0x0000000086200000| Untracked 
|  99|0x0000000086300000, 0x0000000086300000, 0x0000000086400000|  0%| F|  |TAMS 0x0000000086300000, 0x0000000086300000| Untracked 
| 100|0x0000000086400000, 0x0000000086400000, 0x0000000086500000|  0%| F|  |TAMS 0x0000000086400000, 0x0000000086400000| Untracked 
| 101|0x0000000086500000, 0x0000000086600000, 0x0000000086600000|100%| O|  |TAMS 0x0000000086600000, 0x0000000086500000| Untracked 
| 102|0x0000000086600000, 0x0000000086600000, 0x0000000086700000|  0%| F|  |TAMS 0x0000000086600000, 0x0000000086600000| Untracked 
| 103|0x0000000086700000, 0x0000000086700000, 0x0000000086800000|  0%| F|  |TAMS 0x0000000086700000, 0x0000000086700000| Untracked 
| 104|0x0000000086800000, 0x0000000086800000, 0x0000000086900000|  0%| F|  |TAMS 0x0000000086800000, 0x0000000086800000| Untracked 
| 105|0x0000000086900000, 0x0000000086900000, 0x0000000086a00000|  0%| F|  |TAMS 0x0000000086900000, 0x0000000086900000| Untracked 
| 106|0x0000000086a00000, 0x0000000086b00000, 0x0000000086b00000|100%| O|  |TAMS 0x0000000086b00000, 0x0000000086a00000| Untracked 
| 107|0x0000000086b00000, 0x0000000086c00000, 0x0000000086c00000|100%| O|  |TAMS 0x0000000086c00000, 0x0000000086b00000| Untracked 
| 108|0x0000000086c00000, 0x0000000086c00000, 0x0000000086d00000|  0%| F|  |TAMS 0x0000000086c00000, 0x0000000086c00000| Untracked 
| 109|0x0000000086d00000, 0x0000000086d00000, 0x0000000086e00000|  0%| F|  |TAMS 0x0000000086d00000, 0x0000000086d00000| Untracked 
| 110|0x0000000086e00000, 0x0000000086e00000, 0x0000000086f00000|  0%| F|  |TAMS 0x0000000086e00000, 0x0000000086e00000| Untracked 
| 111|0x0000000086f00000, 0x0000000086f00000, 0x0000000087000000|  0%| F|  |TAMS 0x0000000086f00000, 0x0000000086f00000| Untracked 
| 112|0x0000000087000000, 0x0000000087000000, 0x0000000087100000|  0%| F|  |TAMS 0x0000000087000000, 0x0000000087000000| Untracked 
| 113|0x0000000087100000, 0x0000000087100000, 0x0000000087200000|  0%| F|  |TAMS 0x0000000087100000, 0x0000000087100000| Untracked 
| 114|0x0000000087200000, 0x0000000087200000, 0x0000000087300000|  0%| F|  |TAMS 0x0000000087200000, 0x0000000087200000| Untracked 
| 115|0x0000000087300000, 0x0000000087300000, 0x0000000087400000|  0%| F|  |TAMS 0x0000000087300000, 0x0000000087300000| Untracked 
| 116|0x0000000087400000, 0x0000000087400000, 0x0000000087500000|  0%| F|  |TAMS 0x0000000087400000, 0x0000000087400000| Untracked 
| 117|0x0000000087500000, 0x0000000087500000, 0x0000000087600000|  0%| F|  |TAMS 0x0000000087500000, 0x0000000087500000| Untracked 
| 118|0x0000000087600000, 0x0000000087600000, 0x0000000087700000|  0%| F|  |TAMS 0x0000000087600000, 0x0000000087600000| Untracked 
| 119|0x0000000087700000, 0x0000000087700000, 0x0000000087800000|  0%| F|  |TAMS 0x0000000087700000, 0x0000000087700000| Untracked 
| 120|0x0000000087800000, 0x0000000087800000, 0x0000000087900000|  0%| F|  |TAMS 0x0000000087800000, 0x0000000087800000| Untracked 
| 121|0x0000000087900000, 0x0000000087900000, 0x0000000087a00000|  0%| F|  |TAMS 0x0000000087900000, 0x0000000087900000| Untracked 
| 122|0x0000000087a00000, 0x0000000087a00000, 0x0000000087b00000|  0%| F|  |TAMS 0x0000000087a00000, 0x0000000087a00000| Untracked 
| 123|0x0000000087b00000, 0x0000000087b00000, 0x0000000087c00000|  0%| F|  |TAMS 0x0000000087b00000, 0x0000000087b00000| Untracked 
| 124|0x0000000087c00000, 0x0000000087c00000, 0x0000000087d00000|  0%| F|  |TAMS 0x0000000087c00000, 0x0000000087c00000| Untracked 
| 125|0x0000000087d00000, 0x0000000087d00000, 0x0000000087e00000|  0%| F|  |TAMS 0x0000000087d00000, 0x0000000087d00000| Untracked 
| 126|0x0000000087e00000, 0x0000000087e00000, 0x0000000087f00000|  0%| F|  |TAMS 0x0000000087e00000, 0x0000000087e00000| Untracked 
| 127|0x0000000087f00000, 0x0000000087f00000, 0x0000000088000000|  0%| F|  |TAMS 0x0000000087f00000, 0x0000000087f00000| Untracked 
| 128|0x0000000088000000, 0x0000000088000000, 0x0000000088100000|  0%| F|  |TAMS 0x0000000088000000, 0x0000000088000000| Untracked 
| 129|0x0000000088100000, 0x0000000088100000, 0x0000000088200000|  0%| F|  |TAMS 0x0000000088100000, 0x0000000088100000| Untracked 
| 130|0x0000000088200000, 0x0000000088286f00, 0x0000000088300000| 52%| S|CS|TAMS 0x0000000088200000, 0x0000000088200000| Complete 
| 131|0x0000000088300000, 0x0000000088400000, 0x0000000088400000|100%| S|CS|TAMS 0x0000000088300000, 0x0000000088300000| Complete 
| 132|0x0000000088400000, 0x0000000088500000, 0x0000000088500000|100%| S|CS|TAMS 0x0000000088400000, 0x0000000088400000| Complete 
| 133|0x0000000088500000, 0x0000000088600000, 0x0000000088600000|100%| S|CS|TAMS 0x0000000088500000, 0x0000000088500000| Complete 
| 134|0x0000000088600000, 0x0000000088600000, 0x0000000088700000|  0%| F|  |TAMS 0x0000000088600000, 0x0000000088600000| Untracked 
| 135|0x0000000088700000, 0x0000000088700000, 0x0000000088800000|  0%| F|  |TAMS 0x0000000088700000, 0x0000000088700000| Untracked 
| 136|0x0000000088800000, 0x0000000088800000, 0x0000000088900000|  0%| F|  |TAMS 0x0000000088800000, 0x0000000088800000| Untracked 
| 137|0x0000000088900000, 0x0000000088900000, 0x0000000088a00000|  0%| F|  |TAMS 0x0000000088900000, 0x0000000088900000| Untracked 
| 138|0x0000000088a00000, 0x0000000088a00000, 0x0000000088b00000|  0%| F|  |TAMS 0x0000000088a00000, 0x0000000088a00000| Untracked 
| 139|0x0000000088b00000, 0x0000000088b00000, 0x0000000088c00000|  0%| F|  |TAMS 0x0000000088b00000, 0x0000000088b00000| Untracked 
| 140|0x0000000088c00000, 0x0000000088c00000, 0x0000000088d00000|  0%| F|  |TAMS 0x0000000088c00000, 0x0000000088c00000| Untracked 
| 141|0x0000000088d00000, 0x0000000088d00000, 0x0000000088e00000|  0%| F|  |TAMS 0x0000000088d00000, 0x0000000088d00000| Untracked 
| 142|0x0000000088e00000, 0x0000000088e00000, 0x0000000088f00000|  0%| F|  |TAMS 0x0000000088e00000, 0x0000000088e00000| Untracked 
| 143|0x0000000088f00000, 0x0000000088f00000, 0x0000000089000000|  0%| F|  |TAMS 0x0000000088f00000, 0x0000000088f00000| Untracked 
| 144|0x0000000089000000, 0x0000000089000000, 0x0000000089100000|  0%| F|  |TAMS 0x0000000089000000, 0x0000000089000000| Untracked 
| 145|0x0000000089100000, 0x00000000891fa6f0, 0x0000000089200000| 97%| E|  |TAMS 0x0000000089100000, 0x0000000089100000| Complete 
| 146|0x0000000089200000, 0x00000000892fff40, 0x0000000089300000| 99%| E|  |TAMS 0x0000000089200000, 0x0000000089200000| Complete 
| 147|0x0000000089300000, 0x0000000089400000, 0x0000000089400000|100%| E|CS|TAMS 0x0000000089300000, 0x0000000089300000| Complete 
| 148|0x0000000089400000, 0x0000000089500000, 0x0000000089500000|100%| E|CS|TAMS 0x0000000089400000, 0x0000000089400000| Complete 
| 149|0x0000000089500000, 0x0000000089600000, 0x0000000089600000|100%| E|CS|TAMS 0x0000000089500000, 0x0000000089500000| Complete 
| 150|0x0000000089600000, 0x0000000089700000, 0x0000000089700000|100%| E|CS|TAMS 0x0000000089600000, 0x0000000089600000| Complete 
| 151|0x0000000089700000, 0x0000000089800000, 0x0000000089800000|100%| E|CS|TAMS 0x0000000089700000, 0x0000000089700000| Complete 
| 152|0x0000000089800000, 0x0000000089900000, 0x0000000089900000|100%| E|CS|TAMS 0x0000000089800000, 0x0000000089800000| Complete 
| 153|0x0000000089900000, 0x0000000089a00000, 0x0000000089a00000|100%| E|CS|TAMS 0x0000000089900000, 0x0000000089900000| Complete 
| 154|0x0000000089a00000, 0x0000000089b00000, 0x0000000089b00000|100%| E|CS|TAMS 0x0000000089a00000, 0x0000000089a00000| Complete 
| 155|0x0000000089b00000, 0x0000000089c00000, 0x0000000089c00000|100%| E|CS|TAMS 0x0000000089b00000, 0x0000000089b00000| Complete 
| 156|0x0000000089c00000, 0x0000000089d00000, 0x0000000089d00000|100%| E|CS|TAMS 0x0000000089c00000, 0x0000000089c00000| Complete 
| 157|0x0000000089d00000, 0x0000000089e00000, 0x0000000089e00000|100%| E|CS|TAMS 0x0000000089d00000, 0x0000000089d00000| Complete 
| 158|0x0000000089e00000, 0x0000000089f00000, 0x0000000089f00000|100%| E|CS|TAMS 0x0000000089e00000, 0x0000000089e00000| Complete 
| 159|0x0000000089f00000, 0x000000008a000000, 0x000000008a000000|100%| E|CS|TAMS 0x0000000089f00000, 0x0000000089f00000| Complete 
| 160|0x000000008a000000, 0x000000008a100000, 0x000000008a100000|100%| E|CS|TAMS 0x000000008a000000, 0x000000008a000000| Complete 
| 161|0x000000008a100000, 0x000000008a200000, 0x000000008a200000|100%| E|CS|TAMS 0x000000008a100000, 0x000000008a100000| Complete 
| 162|0x000000008a200000, 0x000000008a300000, 0x000000008a300000|100%| E|CS|TAMS 0x000000008a200000, 0x000000008a200000| Complete 
| 163|0x000000008a300000, 0x000000008a400000, 0x000000008a400000|100%| E|CS|TAMS 0x000000008a300000, 0x000000008a300000| Complete 
| 164|0x000000008a400000, 0x000000008a500000, 0x000000008a500000|100%| E|CS|TAMS 0x000000008a400000, 0x000000008a400000| Complete 
| 165|0x000000008a500000, 0x000000008a600000, 0x000000008a600000|100%| E|CS|TAMS 0x000000008a500000, 0x000000008a500000| Complete 
| 166|0x000000008a600000, 0x000000008a700000, 0x000000008a700000|100%| E|CS|TAMS 0x000000008a600000, 0x000000008a600000| Complete 
| 167|0x000000008a700000, 0x000000008a800000, 0x000000008a800000|100%| E|CS|TAMS 0x000000008a700000, 0x000000008a700000| Complete 
| 168|0x000000008a800000, 0x000000008a900000, 0x000000008a900000|100%| E|CS|TAMS 0x000000008a800000, 0x000000008a800000| Complete 
| 169|0x000000008a900000, 0x000000008aa00000, 0x000000008aa00000|100%| E|CS|TAMS 0x000000008a900000, 0x000000008a900000| Complete 
| 170|0x000000008aa00000, 0x000000008ab00000, 0x000000008ab00000|100%| E|CS|TAMS 0x000000008aa00000, 0x000000008aa00000| Complete 
| 171|0x000000008ab00000, 0x000000008ac00000, 0x000000008ac00000|100%| E|CS|TAMS 0x000000008ab00000, 0x000000008ab00000| Complete 
| 172|0x000000008ac00000, 0x000000008ad00000, 0x000000008ad00000|100%| E|CS|TAMS 0x000000008ac00000, 0x000000008ac00000| Complete 
| 173|0x000000008ad00000, 0x000000008ae00000, 0x000000008ae00000|100%| E|CS|TAMS 0x000000008ad00000, 0x000000008ad00000| Complete 
| 174|0x000000008ae00000, 0x000000008af00000, 0x000000008af00000|100%| E|CS|TAMS 0x000000008ae00000, 0x000000008ae00000| Complete 
| 175|0x000000008af00000, 0x000000008b000000, 0x000000008b000000|100%| E|CS|TAMS 0x000000008af00000, 0x000000008af00000| Complete 
| 176|0x000000008b000000, 0x000000008b100000, 0x000000008b100000|100%| E|CS|TAMS 0x000000008b000000, 0x000000008b000000| Complete 
| 177|0x000000008b100000, 0x000000008b200000, 0x000000008b200000|100%| E|CS|TAMS 0x000000008b100000, 0x000000008b100000| Complete 
| 178|0x000000008b200000, 0x000000008b300000, 0x000000008b300000|100%| E|CS|TAMS 0x000000008b200000, 0x000000008b200000| Complete 
| 179|0x000000008b300000, 0x000000008b400000, 0x000000008b400000|100%| E|CS|TAMS 0x000000008b300000, 0x000000008b300000| Complete 
| 180|0x000000008b400000, 0x000000008b500000, 0x000000008b500000|100%| E|CS|TAMS 0x000000008b400000, 0x000000008b400000| Complete 
| 181|0x000000008b500000, 0x000000008b600000, 0x000000008b600000|100%| E|CS|TAMS 0x000000008b500000, 0x000000008b500000| Complete 
| 182|0x000000008b600000, 0x000000008b700000, 0x000000008b700000|100%| E|CS|TAMS 0x000000008b600000, 0x000000008b600000| Complete 
| 183|0x000000008b700000, 0x000000008b800000, 0x000000008b800000|100%| E|CS|TAMS 0x000000008b700000, 0x000000008b700000| Complete 

Card table byte_map: [0x00000207ed270000,0x00000207ed670000] _byte_map_base: 0x00000207ece70000

Marking Bits (Prev, Next): (CMBitMap*) 0x00000207da3909d8, (CMBitMap*) 0x00000207da390a10
 Prev Bits: [0x00000207eda70000, 0x00000207efa70000)
 Next Bits: [0x00000207efa70000, 0x00000207f1a70000)

Polling page: 0x00000207d8170000

Metaspace:

Usage:
  Non-class:     85.59 MB capacity,    84.28 MB ( 98%) used,     1.06 MB (  1%) free+waste,   263.19 KB ( <1%) overhead. 
      Class:     12.91 MB capacity,    12.13 MB ( 94%) used,   685.92 KB (  5%) free+waste,   115.56 KB ( <1%) overhead. 
       Both:     98.50 MB capacity,    96.41 MB ( 98%) used,     1.73 MB (  2%) free+waste,   378.75 KB ( <1%) overhead. 

Virtual space:
  Non-class space:       86.00 MB reserved,      85.83 MB (>99%) committed 
      Class space:        1.00 GB reserved,      13.00 MB (  1%) committed 
             Both:        1.08 GB reserved,      98.83 MB (  9%) committed 

Chunk freelists:
   Non-Class:  52.00 KB
       Class:  26.00 KB
        Both:  78.00 KB

MaxMetaspaceSize: 17179869184.00 GB
CompressedClassSpaceSize: 1.00 GB
Initial GC threshold: 20.80 MB
Current GC threshold: 164.71 MB
CDS: off

CodeHeap 'non-profiled nmethods': size=120064Kb used=6348Kb max_used=6348Kb free=113715Kb
 bounds [0x00000207e5930000, 0x00000207e5f70000, 0x00000207ece70000]
CodeHeap 'profiled nmethods': size=120000Kb used=26940Kb max_used=26940Kb free=93059Kb
 bounds [0x00000207de400000, 0x00000207dfe50000, 0x00000207e5930000]
CodeHeap 'non-nmethods': size=5696Kb used=2388Kb max_used=2433Kb free=3308Kb
 bounds [0x00000207dde70000, 0x00000207de0e0000, 0x00000207de400000]
 total_blobs=13239 nmethods=12324 adapters=828
 compilation: enabled
              stopped_count=0, restarted_count=0
 full_count=0

Compilation events (20 events):
Event: 119.071 Thread 0x00000207f3f6d800 nmethod 12578 0x00000207dfe49790 code [0x00000207dfe49960, 0x00000207dfe49b68]
Event: 119.077 Thread 0x00000207f3f6d800 12579       2       com.google.common.collect.AbstractMapBasedMultimap$WrappedCollection::refreshIfEmpty (78 bytes)
Event: 119.078 Thread 0x00000207f3f6d800 nmethod 12579 0x00000207dfe49d10 code [0x00000207dfe49f00, 0x00000207dfe4a238]
Event: 119.078 Thread 0x00000207f3f6d800 12580       2       org.gradle.internal.reflect.annotations.impl.DefaultTypeAnnotationMetadataStore$PropertyAnnotationMetadataBuilder::resolveAnnotations (253 bytes)
Event: 119.081 Thread 0x00000207f3f6d800 nmethod 12580 0x00000207dfe4a410 code [0x00000207dfe4a780, 0x00000207dfe4b438]
Event: 119.165 Thread 0x00000207f3f6d800 12585       2       org.gradle.internal.execution.steps.SkipUpToDateStep$$Lambda$877/0x0000000100b2cc40::<init> (26 bytes)
Event: 119.166 Thread 0x00000207f3f6d800 nmethod 12585 0x00000207dfe4bb10 code [0x00000207dfe4bcc0, 0x00000207dfe4bf38]
Event: 119.180 Thread 0x00000207f3f6d800 12586       2       org.gradle.internal.execution.fingerprint.InputFingerprinter$InputVisitor::visitInputProperty (1 bytes)
Event: 119.180 Thread 0x00000207f3f6d800 nmethod 12586 0x00000207dfe4c010 code [0x00000207dfe4c1c0, 0x00000207dfe4c2b8]
Event: 119.353 Thread 0x00000207f3f6e800 nmethod 12559 0x00000207e5f5ce10 code [0x00000207e5f5d200, 0x00000207e5f61060]
Event: 119.354 Thread 0x00000207f3f6e800 12560 % !   4       java.io.BufferedReader::readLine @ 131 (304 bytes)
Event: 119.501 Thread 0x00000207f3f6d800 12587       2       com.google.common.base.Predicates$CompositionPredicate::apply (20 bytes)
Event: 119.502 Thread 0x00000207f3f6d800 nmethod 12587 0x00000207dfe4c390 code [0x00000207dfe4c560, 0x00000207dfe4c6b8]
Event: 119.502 Thread 0x00000207f3f6d800 12588       2       com.google.common.collect.Maps$EntryFunction$1::apply (9 bytes)
Event: 119.503 Thread 0x00000207f3f6d800 nmethod 12588 0x00000207dfe4c790 code [0x00000207dfe4c940, 0x00000207dfe4caa8]
Event: 119.535 Thread 0x00000207f3f6d800 12589 %     3       org.gradle.internal.snapshot.PathUtil::lastIndexOfSeparator @ 7 (34 bytes)
Event: 119.537 Thread 0x00000207f3f6d800 nmethod 12589% 0x00000207dfe4cb90 code [0x00000207dfe4cde0, 0x00000207dfe4d6f8]
Event: 119.548 Thread 0x00000207f3f6d800 12590       2       com.google.common.collect.Iterators$5::computeNext (45 bytes)
Event: 119.549 Thread 0x00000207f3f6d800 nmethod 12590 0x00000207dfe4db10 code [0x00000207dfe4dd00, 0x00000207dfe4df88]
Event: 119.576 Thread 0x00000207f3f6d800 12591       2       org.gradle.api.internal.artifacts.transform.TransformationResult$Builder$$Lambda$984/0x0000000100b73c40::accept (12 bytes)

GC Heap History (20 events):
Event: 88.046 GC heap before
{Heap before GC invocations=14 (full 0):
 garbage-first heap   total 188416K, used 133711K [0x0000000080000000, 0x0000000100000000)
  region size 1024K, 88 young (90112K), 10 survivors (10240K)
 Metaspace       used 70679K, capacity 72233K, committed 72400K, reserved 1112064K
  class space    used 8965K, capacity 9561K, committed 9600K, reserved 1048576K
}
Event: 88.090 GC heap after
{Heap after GC invocations=15 (full 0):
 garbage-first heap   total 188416K, used 58556K [0x0000000080000000, 0x0000000100000000)
  region size 1024K, 6 young (6144K), 6 survivors (6144K)
 Metaspace       used 70679K, capacity 72233K, committed 72400K, reserved 1112064K
  class space    used 8965K, capacity 9561K, committed 9600K, reserved 1048576K
}
Event: 93.125 GC heap before
{Heap before GC invocations=15 (full 0):
 garbage-first heap   total 188416K, used 138428K [0x0000000080000000, 0x0000000100000000)
  region size 1024K, 84 young (86016K), 6 survivors (6144K)
 Metaspace       used 78087K, capacity 79727K, committed 79952K, reserved 1118208K
  class space    used 10080K, capacity 10729K, committed 10752K, reserved 1048576K
}
Event: 93.156 GC heap after
{Heap after GC invocations=16 (full 0):
 garbage-first heap   total 188416K, used 62688K [0x0000000080000000, 0x0000000100000000)
  region size 1024K, 10 young (10240K), 10 survivors (10240K)
 Metaspace       used 78087K, capacity 79727K, committed 79952K, reserved 1118208K
  class space    used 10080K, capacity 10729K, committed 10752K, reserved 1048576K
}
Event: 97.512 GC heap before
{Heap before GC invocations=16 (full 0):
 garbage-first heap   total 188416K, used 140512K [0x0000000080000000, 0x0000000100000000)
  region size 1024K, 87 young (89088K), 10 survivors (10240K)
 Metaspace       used 85207K, capacity 87319K, committed 87376K, reserved 1124352K
  class space    used 10941K, capacity 11730K, committed 11776K, reserved 1048576K
}
Event: 97.575 GC heap after
{Heap after GC invocations=17 (full 0):
 garbage-first heap   total 188416K, used 70745K [0x0000000080000000, 0x0000000100000000)
  region size 1024K, 11 young (11264K), 11 survivors (11264K)
 Metaspace       used 85207K, capacity 87319K, committed 87376K, reserved 1124352K
  class space    used 10941K, capacity 11730K, committed 11776K, reserved 1048576K
}
Event: 101.725 GC heap before
{Heap before GC invocations=17 (full 0):
 garbage-first heap   total 188416K, used 145497K [0x0000000080000000, 0x0000000100000000)
  region size 1024K, 83 young (84992K), 11 survivors (11264K)
 Metaspace       used 86966K, capacity 89012K, committed 89168K, reserved 1126400K
  class space    used 11127K, capacity 11923K, committed 12032K, reserved 1048576K
}
Event: 101.790 GC heap after
{Heap after GC invocations=18 (full 0):
 garbage-first heap   total 188416K, used 84243K [0x0000000080000000, 0x0000000100000000)
  region size 1024K, 11 young (11264K), 11 survivors (11264K)
 Metaspace       used 86966K, capacity 89012K, committed 89168K, reserved 1126400K
  class space    used 11127K, capacity 11923K, committed 12032K, reserved 1048576K
}
Event: 104.333 GC heap before
{Heap before GC invocations=18 (full 0):
 garbage-first heap   total 188416K, used 137491K [0x0000000080000000, 0x0000000100000000)
  region size 1024K, 56 young (57344K), 11 survivors (11264K)
 Metaspace       used 89707K, capacity 91810K, committed 91984K, reserved 1128448K
  class space    used 11452K, capacity 12280K, committed 12288K, reserved 1048576K
}
Event: 104.399 GC heap after
{Heap after GC invocations=19 (full 0):
 garbage-first heap   total 188416K, used 101888K [0x0000000080000000, 0x0000000100000000)
  region size 1024K, 9 young (9216K), 9 survivors (9216K)
 Metaspace       used 89707K, capacity 91810K, committed 91984K, reserved 1128448K
  class space    used 11452K, capacity 12280K, committed 12288K, reserved 1048576K
}
Event: 107.710 GC heap before
{Heap before GC invocations=20 (full 0):
 garbage-first heap   total 188416K, used 151040K [0x0000000080000000, 0x0000000100000000)
  region size 1024K, 50 young (51200K), 9 survivors (9216K)
 Metaspace       used 92216K, capacity 94324K, committed 94544K, reserved 1132544K
  class space    used 11685K, capacity 12453K, committed 12544K, reserved 1048576K
}
Event: 107.750 GC heap after
{Heap after GC invocations=21 (full 0):
 garbage-first heap   total 188416K, used 101888K [0x0000000080000000, 0x0000000100000000)
  region size 1024K, 3 young (3072K), 3 survivors (3072K)
 Metaspace       used 92216K, capacity 94324K, committed 94544K, reserved 1132544K
  class space    used 11685K, capacity 12453K, committed 12544K, reserved 1048576K
}
Event: 109.859 GC heap before
{Heap before GC invocations=21 (full 0):
 garbage-first heap   total 188416K, used 143872K [0x0000000080000000, 0x0000000100000000)
  region size 1024K, 45 young (46080K), 3 survivors (3072K)
 Metaspace       used 93544K, capacity 95769K, committed 95952K, reserved 1132544K
  class space    used 11812K, capacity 12627K, committed 12672K, reserved 1048576K
}
Event: 109.878 GC heap after
{Heap after GC invocations=22 (full 0):
 garbage-first heap   total 188416K, used 103936K [0x0000000080000000, 0x0000000100000000)
  region size 1024K, 5 young (5120K), 5 survivors (5120K)
 Metaspace       used 93544K, capacity 95769K, committed 95952K, reserved 1132544K
  class space    used 11812K, capacity 12627K, committed 12672K, reserved 1048576K
}
Event: 112.673 GC heap before
{Heap before GC invocations=23 (full 0):
 garbage-first heap   total 188416K, used 136192K [0x0000000080000000, 0x0000000100000000)
  region size 1024K, 48 young (49152K), 5 survivors (5120K)
 Metaspace       used 95842K, capacity 97971K, committed 98256K, reserved 1134592K
  class space    used 12095K, capacity 12865K, committed 12928K, reserved 1048576K
}
Event: 112.701 GC heap after
{Heap after GC invocations=24 (full 0):
 garbage-first heap   total 188416K, used 95131K [0x0000000080000000, 0x0000000100000000)
  region size 1024K, 6 young (6144K), 6 survivors (6144K)
 Metaspace       used 95842K, capacity 97971K, committed 98256K, reserved 1134592K
  class space    used 12095K, capacity 12865K, committed 12928K, reserved 1048576K
}
Event: 112.837 GC heap before
{Heap before GC invocations=24 (full 0):
 garbage-first heap   total 188416K, used 97179K [0x0000000080000000, 0x0000000100000000)
  region size 1024K, 9 young (9216K), 6 survivors (6144K)
 Metaspace       used 96042K, capacity 98195K, committed 98256K, reserved 1134592K
  class space    used 12126K, capacity 12897K, committed 12928K, reserved 1048576K
}
Event: 112.858 GC heap after
{Heap after GC invocations=25 (full 0):
 garbage-first heap   total 188416K, used 89798K [0x0000000080000000, 0x0000000100000000)
  region size 1024K, 1 young (1024K), 1 survivors (1024K)
 Metaspace       used 96042K, capacity 98195K, committed 98256K, reserved 1134592K
  class space    used 12126K, capacity 12897K, committed 12928K, reserved 1048576K
}
Event: 117.588 GC heap before
{Heap before GC invocations=25 (full 0):
 garbage-first heap   total 188416K, used 139974K [0x0000000080000000, 0x0000000100000000)
  region size 1024K, 50 young (51200K), 1 survivors (1024K)
 Metaspace       used 98667K, capacity 100866K, committed 101200K, reserved 1136640K
  class space    used 12418K, capacity 13224K, committed 13312K, reserved 1048576K
}
Event: 117.610 GC heap after
{Heap after GC invocations=26 (full 0):
 garbage-first heap   total 188416K, used 92395K [0x0000000080000000, 0x0000000100000000)
  region size 1024K, 4 young (4096K), 4 survivors (4096K)
 Metaspace       used 98667K, capacity 100866K, committed 101200K, reserved 1136640K
  class space    used 12418K, capacity 13224K, committed 13312K, reserved 1048576K
}

Deoptimization events (20 events):
Event: 118.143 Thread 0x00000207f5f5a000 DEOPT PACKING pc=0x00000207e5f490d4 sp=0x00000096a5efc710
Event: 118.143 Thread 0x00000207f5f5a000 DEOPT UNPACKING pc=0x00000207ddeba1af sp=0x00000096a5efc5e0 mode 2
Event: 118.928 Thread 0x00000207f57f4800 DEOPT PACKING pc=0x00000207dee211bd sp=0x00000096a2afe6a0
Event: 118.928 Thread 0x00000207f57f4800 DEOPT UNPACKING pc=0x00000207ddeba95e sp=0x00000096a2afdb60 mode 0
Event: 119.009 Thread 0x00000207f5f5d000 Uncommon trap: trap_request=0xffffffde fr.pc=0x00000207e5f41338 relative=0x0000000000003818
Event: 119.009 Thread 0x00000207f5f5d000 Uncommon trap: reason=class_check action=maybe_recompile pc=0x00000207e5f41338 method=org.gradle.internal.snapshot.impl.AbstractValueProcessor.processValue(Ljava/lang/Object;Lorg/gradle/internal/snapshot/impl/AbstractValueProcessor$ValueVisitor;)Ljava/lan
Event: 119.009 Thread 0x00000207f5f5d000 DEOPT PACKING pc=0x00000207e5f41338 sp=0x00000096a63fb900
Event: 119.009 Thread 0x00000207f5f5d000 DEOPT UNPACKING pc=0x00000207ddeba1af sp=0x00000096a63fb8d8 mode 2
Event: 119.078 Thread 0x00000207f5f5d000 Uncommon trap: trap_request=0xffffff7e fr.pc=0x00000207e5f56378 relative=0x0000000000000ad8
Event: 119.078 Thread 0x00000207f5f5d000 Uncommon trap: reason=predicate action=maybe_recompile pc=0x00000207e5f56378 method=com.google.common.collect.RegularImmutableMap.fromEntryArray(I[Ljava/util/Map$Entry;)Lcom/google/common/collect/ImmutableMap; @ 59 c2
Event: 119.078 Thread 0x00000207f5f5d000 DEOPT PACKING pc=0x00000207e5f56378 sp=0x00000096a63f90c0
Event: 119.078 Thread 0x00000207f5f5d000 DEOPT UNPACKING pc=0x00000207ddeba1af sp=0x00000096a63f9068 mode 2
Event: 119.084 Thread 0x00000207f5f5d000 Uncommon trap: trap_request=0xffffffde fr.pc=0x00000207e5f41338 relative=0x0000000000003818
Event: 119.084 Thread 0x00000207f5f5d000 Uncommon trap: reason=class_check action=maybe_recompile pc=0x00000207e5f41338 method=org.gradle.internal.snapshot.impl.AbstractValueProcessor.processValue(Ljava/lang/Object;Lorg/gradle/internal/snapshot/impl/AbstractValueProcessor$ValueVisitor;)Ljava/lan
Event: 119.084 Thread 0x00000207f5f5d000 DEOPT PACKING pc=0x00000207e5f41338 sp=0x00000096a63f9690
Event: 119.084 Thread 0x00000207f5f5d000 DEOPT UNPACKING pc=0x00000207ddeba1af sp=0x00000096a63f9668 mode 2
Event: 119.532 Thread 0x00000207f6101000 Uncommon trap: trap_request=0xffffffde fr.pc=0x00000207e5f241b4 relative=0x0000000000000274
Event: 119.532 Thread 0x00000207f6101000 Uncommon trap: reason=class_check action=maybe_recompile pc=0x00000207e5f241b4 method=java.util.concurrent.ConcurrentHashMap.get(Ljava/lang/Object;)Ljava/lang/Object; @ 93 c2
Event: 119.532 Thread 0x00000207f6101000 DEOPT PACKING pc=0x00000207e5f241b4 sp=0x00000096a49fdc80
Event: 119.532 Thread 0x00000207f6101000 DEOPT UNPACKING pc=0x00000207ddeba1af sp=0x00000096a49fdbd8 mode 2

Classes redefined (0 events):
No events

Internal exceptions (20 events):
Event: 95.824 Thread 0x00000207f62c0000 Exception <a 'java/lang/NoSuchMethodError'{0x00000000882a5b60}: <clinit>> (0x00000000882a5b60) thrown at [./src/hotspot/share/prims/jni.cpp, line 1366]
Event: 95.832 Thread 0x00000207f5f5c800 Exception <a 'java/lang/NoSuchMethodError'{0x00000000882bf840}: <clinit>> (0x00000000882bf840) thrown at [./src/hotspot/share/prims/jni.cpp, line 1366]
Event: 95.839 Thread 0x00000207f5f5c800 Exception <a 'java/lang/NoSuchMethodError'{0x000000008812d1e0}: <clinit>> (0x000000008812d1e0) thrown at [./src/hotspot/share/prims/jni.cpp, line 1366]
Event: 95.882 Thread 0x00000207f5f5c800 Exception <a 'java/lang/NoSuchMethodError'{0x00000000881d1810}: <clinit>> (0x00000000881d1810) thrown at [./src/hotspot/share/prims/jni.cpp, line 1366]
Event: 95.928 Thread 0x00000207fcdfa000 Exception <a 'java/lang/NoSuchMethodError'{0x00000000880617e8}: 'int java.lang.invoke.DirectMethodHandle$Holder.invokeSpecial(java.lang.Object, java.lang.Object, java.lang.Object, java.lang.Object, java.lang.Object)'> (0x00000000880617e8) thrown at [./src/hotspot/share/interpreter/linkResolver.cpp, line 773]
Event: 97.113 Thread 0x00000207fcdfa000 Exception <a 'java/lang/NoSuchMethodError'{0x00000000876f28e0}: 'void java.lang.invoke.DirectMethodHandle$Holder.invokeStatic(java.lang.Object, java.lang.Object, java.lang.Object, java.lang.Object, int, java.lang.Object, java.lang.Object)'> (0x00000000876f28e0) thrown at [./src/hotspot/share/interpreter/linkResolver.cpp, line 773]
Event: 97.203 Thread 0x00000207f5f57800 Exception <a 'java/lang/NoSuchMethodError'{0x00000000871b8de8}: 'java.lang.Object java.lang.invoke.DirectMethodHandle$Holder.invokeSpecialIFC(java.lang.Object, java.lang.Object, java.lang.Object)'> (0x00000000871b8de8) thrown at [./src/hotspot/share/interpreter/linkResolver.cpp, line 773]
Event: 97.203 Thread 0x00000207f6ad6000 Exception <a 'java/lang/NoSuchMethodError'{0x0000000087007610}: 'java.lang.Object java.lang.invoke.DirectMethodHandle$Holder.invokeSpecialIFC(java.lang.Object, java.lang.Object, java.lang.Object)'> (0x0000000087007610) thrown at [./src/hotspot/share/interpreter/linkResolver.cpp, line 773]
Event: 97.204 Thread 0x00000207fcdfa000 Exception <a 'java/lang/NoSuchMethodError'{0x00000000871edbc0}: 'java.lang.Object java.lang.invoke.DirectMethodHandle$Holder.invokeSpecialIFC(java.lang.Object, java.lang.Object, java.lang.Object)'> (0x00000000871edbc0) thrown at [./src/hotspot/share/interpreter/linkResolver.cpp, line 773]
Event: 97.205 Thread 0x00000207f6ad4000 Exception <a 'java/lang/NoSuchMethodError'{0x00000000871c4d68}: 'java.lang.Object java.lang.invoke.DirectMethodHandle$Holder.invokeSpecialIFC(java.lang.Object, java.lang.Object, java.lang.Object)'> (0x00000000871c4d68) thrown at [./src/hotspot/share/interpreter/linkResolver.cpp, line 773]
Event: 99.244 Thread 0x00000207f60f9800 Implicit null exception at 0x00000207e5dd56fa to 0x00000207e5dd6048
Event: 99.394 Thread 0x00000207f6ad4000 Implicit null exception at 0x00000207e5ddfc86 to 0x00000207e5de0494
Event: 100.257 Thread 0x00000207fcdfa000 Exception <a 'java/lang/NoSuchMethodError'{0x0000000087f2d2d0}: 'void java.lang.invoke.DirectMethodHandle$Holder.invokeInterface(java.lang.Object, java.lang.Object, java.lang.Object, java.lang.Object)'> (0x0000000087f2d2d0) thrown at [./src/hotspot/share/interpreter/linkResolver.cpp, line 773]
Event: 100.386 Thread 0x00000207fcdfa000 Exception <a 'java/lang/NoSuchMethodError'{0x0000000087ed4958}: 'void java.lang.invoke.DirectMethodHandle$Holder.invokeVirtual(java.lang.Object, java.lang.Object)'> (0x0000000087ed4958) thrown at [./src/hotspot/share/interpreter/linkResolver.cpp, line 773]
Event: 104.950 Thread 0x00000207fcdfa000 Exception <a 'java/lang/NoSuchMethodError'{0x000000008b6aca50}: <clinit>> (0x000000008b6aca50) thrown at [./src/hotspot/share/prims/jni.cpp, line 1366]
Event: 105.000 Thread 0x00000207fcdfa000 Exception <a 'java/lang/NoSuchMethodError'{0x000000008b51e140}: <clinit>> (0x000000008b51e140) thrown at [./src/hotspot/share/prims/jni.cpp, line 1366]
Event: 105.016 Thread 0x00000207fcdfa000 Exception <a 'java/lang/NoSuchMethodError'{0x000000008b5445f0}: <clinit>> (0x000000008b5445f0) thrown at [./src/hotspot/share/prims/jni.cpp, line 1366]
Event: 106.073 Thread 0x00000207fcdfb800 Implicit null exception at 0x00000207e5e4cfe3 to 0x00000207e5e502d8
Event: 106.286 Thread 0x00000207fcdfb800 Exception <a 'java/lang/NoSuchMethodError'{0x000000008abb0748}: 'java.lang.Object java.lang.invoke.DirectMethodHandle$Holder.newInvokeSpecial(java.lang.Object, java.lang.Object, java.lang.Object, java.lang.Object)'> (0x000000008abb0748) thrown at [./src/hotspot/share/interpreter/linkResolver.cpp, line 773]
Event: 108.974 Thread 0x00000207fcdfe000 Implicit null exception at 0x00000207e5c4ff94 to 0x00000207e5c505b8

Events (20 events):
Event: 118.438 Executing VM operation: RevokeBias
Event: 118.439 Executing VM operation: RevokeBias done
Event: 118.538 Executing VM operation: RevokeBias
Event: 118.539 Executing VM operation: RevokeBias done
Event: 118.702 Executing VM operation: RevokeBias
Event: 118.703 Executing VM operation: RevokeBias done
Event: 118.747 Executing VM operation: RevokeBias
Event: 118.748 Executing VM operation: RevokeBias done
Event: 118.765 Executing VM operation: RevokeBias
Event: 118.766 Executing VM operation: RevokeBias done
Event: 119.020 Executing VM operation: RevokeBias
Event: 119.021 Executing VM operation: RevokeBias done
Event: 119.080 loading class org/gradle/api/internal/file/FileCollectionFactory
Event: 119.080 loading class org/gradle/api/internal/file/FileCollectionFactory done
Event: 119.082 loading class org/gradle/api/file/FileCollection
Event: 119.082 loading class org/gradle/api/file/FileCollection done
Event: 119.082 loading class org/gradle/api/internal/file/FileCollectionFactory
Event: 119.082 loading class org/gradle/api/internal/file/FileCollectionFactory done
Event: 119.129 Executing VM operation: BulkRevokeBias
Event: 119.140 Executing VM operation: BulkRevokeBias done


Dynamic libraries:
0x00007ff6180f0000 - 0x00007ff6180fa000 	D:\Programmes (x86)\AndroidStudio\jre\bin\java.exe
0x00007ffb9c390000 - 0x00007ffb9c588000 	C:\Windows\SYSTEM32\ntdll.dll
0x00007ffb9ab00000 - 0x00007ffb9abbf000 	C:\Windows\System32\KERNEL32.DLL
0x00007ffb9a050000 - 0x00007ffb9a322000 	C:\Windows\System32\KERNELBASE.dll
0x00007ffb99a90000 - 0x00007ffb99b90000 	C:\Windows\System32\ucrtbase.dll
0x00007ffb87160000 - 0x00007ffb87177000 	D:\Programmes (x86)\AndroidStudio\jre\bin\VCRUNTIME140.dll
0x00007ffb87020000 - 0x00007ffb87039000 	D:\Programmes (x86)\AndroidStudio\jre\bin\jli.dll
0x00007ffb9aed0000 - 0x00007ffb9b06d000 	C:\Windows\System32\USER32.dll
0x00007ffb99c00000 - 0x00007ffb99c22000 	C:\Windows\System32\win32u.dll
0x00007ffb88b60000 - 0x00007ffb88dfa000 	C:\Windows\WinSxS\amd64_microsoft.windows.common-controls_6595b64144ccf1df_6.0.19041.1110_none_60b5254171f9507e\COMCTL32.dll
0x00007ffb9bba0000 - 0x00007ffb9bbcb000 	C:\Windows\System32\GDI32.dll
0x00007ffb9aa00000 - 0x00007ffb9aa9e000 	C:\Windows\System32\msvcrt.dll
0x00007ffb99cc0000 - 0x00007ffb99dcf000 	C:\Windows\System32\gdi32full.dll
0x00007ffb99f80000 - 0x00007ffb9a01d000 	C:\Windows\System32\msvcp_win.dll
0x00007ffb9c0e0000 - 0x00007ffb9c112000 	C:\Windows\System32\IMM32.DLL
0x00007ffb60bb0000 - 0x00007ffb60c4d000 	D:\Programmes (x86)\AndroidStudio\jre\bin\msvcp140.dll
0x00007ffb2ba20000 - 0x00007ffb2c522000 	D:\Programmes (x86)\AndroidStudio\jre\bin\server\jvm.dll
0x00007ffb9b9c0000 - 0x00007ffb9ba6e000 	C:\Windows\System32\ADVAPI32.dll
0x00007ffb9b070000 - 0x00007ffb9b10c000 	C:\Windows\System32\sechost.dll
0x00007ffb9ace0000 - 0x00007ffb9ae05000 	C:\Windows\System32\RPCRT4.dll
0x00007ffb9ae10000 - 0x00007ffb9ae18000 	C:\Windows\System32\PSAPI.DLL
0x00007ffb8a430000 - 0x00007ffb8a439000 	C:\Windows\SYSTEM32\WSOCK32.dll
0x00007ffb907e0000 - 0x00007ffb90807000 	C:\Windows\SYSTEM32\WINMM.dll
0x00007ffb907d0000 - 0x00007ffb907da000 	C:\Windows\SYSTEM32\VERSION.dll
0x00007ffb9ba80000 - 0x00007ffb9baeb000 	C:\Windows\System32\WS2_32.dll
0x00007ffb97950000 - 0x00007ffb97962000 	C:\Windows\SYSTEM32\kernel.appcore.dll
0x00007ffb90b80000 - 0x00007ffb90b91000 	D:\Programmes (x86)\AndroidStudio\jre\bin\verify.dll
0x00007ffb84950000 - 0x00007ffb84b34000 	C:\Windows\SYSTEM32\DBGHELP.DLL
0x00007ffb848c0000 - 0x00007ffb848ec000 	C:\Windows\SYSTEM32\dbgcore.DLL
0x00007ffb99c30000 - 0x00007ffb99cb2000 	C:\Windows\System32\bcryptPrimitives.dll
0x00007ffb87850000 - 0x00007ffb87879000 	D:\Programmes (x86)\AndroidStudio\jre\bin\java.dll
0x00007ffb95480000 - 0x00007ffb9548b000 	D:\Programmes (x86)\AndroidStudio\jre\bin\jimage.dll
0x00007ffb90640000 - 0x00007ffb90658000 	D:\Programmes (x86)\AndroidStudio\jre\bin\zip.dll
0x00007ffb9b170000 - 0x00007ffb9b8b3000 	C:\Windows\System32\SHELL32.dll
0x00007ffb97b50000 - 0x00007ffb982e2000 	C:\Windows\SYSTEM32\windows.storage.dll
0x00007ffb9bbd0000 - 0x00007ffb9bf24000 	C:\Windows\System32\combase.dll
0x00007ffb99480000 - 0x00007ffb994b0000 	C:\Windows\SYSTEM32\Wldp.dll
0x00007ffb9baf0000 - 0x00007ffb9bb9d000 	C:\Windows\System32\SHCORE.dll
0x00007ffb9aaa0000 - 0x00007ffb9aaf5000 	C:\Windows\System32\shlwapi.dll
0x00007ffb999d0000 - 0x00007ffb999ef000 	C:\Windows\SYSTEM32\profapi.dll
0x00007ffb90360000 - 0x00007ffb9037a000 	D:\Programmes (x86)\AndroidStudio\jre\bin\net.dll
0x00007ffb89ce0000 - 0x00007ffb89dec000 	C:\Windows\SYSTEM32\WINHTTP.dll
0x00007ffb99170000 - 0x00007ffb991da000 	C:\Windows\system32\mswsock.dll
0x00007ffb877f0000 - 0x00007ffb87804000 	D:\Programmes (x86)\AndroidStudio\jre\bin\nio.dll
0x00007ffb871e0000 - 0x00007ffb87207000 	C:\Users\hp\.gradle\native\e1d6ef7f7dcc3fd88c89a11ec53ec762bb8ba0a96d01ffa2cd45eb1d1d8dd5c5\windows-amd64\native-platform.dll
0x00007ffb60080000 - 0x00007ffb601c4000 	C:\Users\hp\.gradle\native\0d407fdbe67a94daf76414ababcb853783967236a71b16ec16e742cd7a986fd3\windows-amd64\native-platform-file-events.dll
0x00007ffb91e40000 - 0x00007ffb91e4a000 	D:\Programmes (x86)\AndroidStudio\jre\bin\management.dll
0x00007ffb91210000 - 0x00007ffb9121d000 	D:\Programmes (x86)\AndroidStudio\jre\bin\management_ext.dll
0x00007ffb993d0000 - 0x00007ffb993e8000 	C:\Windows\SYSTEM32\CRYPTSP.dll
0x00007ffb98a90000 - 0x00007ffb98ac4000 	C:\Windows\system32\rsaenh.dll
0x00007ffb9a020000 - 0x00007ffb9a047000 	C:\Windows\System32\bcrypt.dll
0x00007ffb99990000 - 0x00007ffb999be000 	C:\Windows\SYSTEM32\USERENV.dll
0x00007ffb993f0000 - 0x00007ffb993fc000 	C:\Windows\SYSTEM32\CRYPTBASE.dll
0x00007ffb98e60000 - 0x00007ffb98e9b000 	C:\Windows\SYSTEM32\IPHLPAPI.DLL
0x00007ffb9b920000 - 0x00007ffb9b928000 	C:\Windows\System32\NSI.dll
0x00007ffb903e0000 - 0x00007ffb903f7000 	C:\Windows\SYSTEM32\dhcpcsvc6.DLL
0x00007ffb904b0000 - 0x00007ffb904cd000 	C:\Windows\SYSTEM32\dhcpcsvc.DLL
0x00007ffb98ea0000 - 0x00007ffb98f6a000 	C:\Windows\SYSTEM32\DNSAPI.dll
0x00007ffb98bb0000 - 0x00007ffb98be3000 	C:\Windows\SYSTEM32\ntmarta.dll

dbghelp: loaded successfully - version: 4.0.5 - missing functions: none
symbol engine: initialized successfully - sym options: 0x614 - pdb path: .;D:\Programmes (x86)\AndroidStudio\jre\bin;C:\Windows\SYSTEM32;C:\Windows\WinSxS\amd64_microsoft.windows.common-controls_6595b64144ccf1df_6.0.19041.1110_none_60b5254171f9507e;D:\Programmes (x86)\AndroidStudio\jre\bin\server;C:\Users\hp\.gradle\native\e1d6ef7f7dcc3fd88c89a11ec53ec762bb8ba0a96d01ffa2cd45eb1d1d8dd5c5\windows-amd64;C:\Users\hp\.gradle\native\0d407fdbe67a94daf76414ababcb853783967236a71b16ec16e742cd7a986fd3\windows-amd64

VM Arguments:
jvm_args: --add-opens=java.base/java.util=ALL-UNNAMED --add-opens=java.base/java.lang=ALL-UNNAMED --add-opens=java.base/java.lang.invoke=ALL-UNNAMED --add-opens=java.base/java.util=ALL-UNNAMED --add-opens=java.prefs/java.util.prefs=ALL-UNNAMED --add-opens=java.prefs/java.util.prefs=ALL-UNNAMED --add-opens=java.base/java.nio.charset=ALL-UNNAMED --add-opens=java.base/java.net=ALL-UNNAMED --add-opens=java.base/java.util.concurrent.atomic=ALL-UNNAMED -Xmx2048m -Dfile.encoding=UTF-8 -Duser.country=FR -Duser.language=fr -Duser.variant 
java_command: org.gradle.launcher.daemon.bootstrap.GradleDaemon 7.4
java_class_path (initial): C:\Users\hp\.gradle\wrapper\dists\gradle-7.4-bin\c0gwcg53nkjbqw7r0h0umtfvt\gradle-7.4\lib\gradle-launcher-7.4.jar
Launcher Type: SUN_STANDARD

[Global flags]
     intx CICompilerCount                          = 3                                         {product} {ergonomic}
     uint ConcGCThreads                            = 1                                         {product} {ergonomic}
     uint G1ConcRefinementThreads                  = 4                                         {product} {ergonomic}
   size_t G1HeapRegionSize                         = 1048576                                   {product} {ergonomic}
    uintx GCDrainStackTargetSize                   = 64                                        {product} {ergonomic}
   size_t InitialHeapSize                          = 192937984                                 {product} {ergonomic}
   size_t MarkStackSize                            = 4194304                                   {product} {ergonomic}
   size_t MaxHeapSize                              = 2147483648                                {product} {command line}
   size_t MaxNewSize                               = 1287651328                                {product} {ergonomic}
   size_t MinHeapDeltaBytes                        = 1048576                                   {product} {ergonomic}
    uintx NonNMethodCodeHeapSize                   = 5830732                                {pd product} {ergonomic}
    uintx NonProfiledCodeHeapSize                  = 122913754                              {pd product} {ergonomic}
    uintx ProfiledCodeHeapSize                     = 122913754                              {pd product} {ergonomic}
    uintx ReservedCodeCacheSize                    = 251658240                              {pd product} {ergonomic}
     bool SegmentedCodeCache                       = true                                      {product} {ergonomic}
     bool UseCompressedClassPointers               = true                                 {lp64_product} {ergonomic}
     bool UseCompressedOops                        = true                                 {lp64_product} {ergonomic}
     bool UseG1GC                                  = true                                      {product} {ergonomic}
     bool UseLargePagesIndividualAllocation        = false                                  {pd product} {ergonomic}

Logging:
Log output configuration:
 #0: stdout all=warning uptime,level,tags
 #1: stderr all=off uptime,level,tags

Environment Variables:
JAVA_HOME=C:\Program Files (x86)\Java\jdk1.8.0_321
PATH=D:\logi_1\WINDOWS.X64_193000_db_home_Oracle19\bin;C:\Program Files (x86)\Common Files\Oracle\Java\javapath;C:\oraclexe\app\oracle\product\11.2.0\server\bin;C:\Windows\system32;C:\Windows;C:\Windows\System32\Wbem;C:\Windows\System32\WindowsPowerShell\v1.0\;C:\Windows\System32\OpenSSH\;C:\Program Files\Git\cmd;C:\xampp\php;C:\composer;C:\Program Files\Tesseract-OCR;C:\xampp\mysql\bin;C:\Users\hp\Documents\flutterDev\flutter\bin;C:\Users\hp\AppData\Local\Programs\Microsoft VS Code;C:\ProgramData\chocolatey\bin;C:\tools\dart-sdk\bin;C:\Program Files\dotnet\;C:\Program Files\MongoDB\Server\5.0\bin;C:\Program Files (x86)\Yarn\bin\;C:\Program Files\MySQL\MySQL Server 8.0\bin;C:\Program Files\Maven\apache-maven-3.8.6\bin;C:\wildfly-20.0.1.Final\bin;C:\wildfly-10.0.0.Final\bin;C:\Program Files\nodejs\;C:\Python\Python310\Scripts\;C:\Python\Python310\;C:\Users\hp\AppData\Local\Microsoft\WindowsApps;D:\Programmes (x86)\pyCharm\PyCharm Community Edition 2022.2.4\bin;;C:\Users\hp\AppData\Local\Programs\Microsoft VS Code\bin;C:\MinGW\bin;C:\Users\hp\AppData\Roaming\Composer\vendor\bin;C:\Program Files\JetBrains\CLion 2022.1\bin;;C:\Users\hp\Documents\flutterDev\flutter\bin;C:\Program Files\heroku\bin;C:\tools\dart-sdk\bin;C:\Users\hp\AppData\Roaming\Pub\Cache\bin;D:\logi_1\cmder;C:\Program Files\PostgreSQL\14\bin;C:\Users\hp\AppData\Local\Yarn\bin;D:\Programmes (x86)\intellij_com\inteligCommunity\IntelliJ IDEA Community Edition 2022.2.3\bin;;D:\Programmes (x86)\intellij_com\IntelliJ IDEA 2022.2.2\bin;;C:\Program Files (x86)\Java\jdk-19.0.1\bin;C:\Program Files (x86)\Java\jdk1.8.0_321\bin;C:\Program Files (x86)\Java\jdk-11.0.16.1;C:\Users\hp\AppData\Roaming\npm
USERNAME=hp
OS=Windows_NT
PROCESSOR_IDENTIFIER=AMD64 Family 21 Model 101 Stepping 1, AuthenticAMD



---------------  S Y S T E M  ---------------

OS: Windows 10 , 64 bit Build 19041 (10.0.19041.2251)
OS uptime: 1 days 11:43 hours

CPU:total 4 (initial active 4) (4 cores per cpu, 1 threads per core) family 21 model 101 stepping 1 microcode 0x0, cmov, cx8, fxsr, mmx, sse, sse2, sse3, ssse3, sse4.1, sse4.2, popcnt, avx, avx2, aes, clmul, mmxext, 3dnowpref, lzcnt, sse4a, tsc, tscinvbit, tscinv, bmi1, bmi2, fma

Memory: 4k page, system-wide physical 11706M (298M free)
TotalPageFile size 26900M (AvailPageFile size 4M)
current process WorkingSet (physical memory assigned to process): 439M, peak: 442M
current process commit charge ("private bytes"): 468M, peak: 472M

vm_info: OpenJDK 64-Bit Server VM (11.0.13+0-b1751.21-8125866) for windows-amd64 JRE (11.0.13+0-b1751.21-8125866), built on Feb  2 2022 03:00:22 by "builder" with MS VC++ 14.0 (VS2015)

END.
